2022-03-21/20:32:06		Loading required files for execution....
2022-03-21/20:32:06		Loading mask_detector.model...
2022-03-21/20:32:14		Starting video stream...
2022-03-21/20:32:20		Error occured while running the detect_video function!! Error:: 'pop from an empty set'
2022-03-21/20:38:20		Loading required files for execution....
2022-03-21/20:38:20		Loading mask_detector.model...
2022-03-21/20:38:24		Starting video stream...
2022-03-21/20:38:28		Error occured while running the detect_video function!! Error:: 'pop from an empty set'
2022-03-21/20:39:08		Loading required files for execution....
2022-03-21/20:39:09		Loading mask_detector.model...
2022-03-21/20:39:12		Starting video stream...
2022-03-21/20:39:16		Error occured while running the detect_video function!! Error:: detect_and_predict_mask() missing 1 required positional argument: 'maskNet'
2022-03-21/20:39:42		Loading required files for execution....
2022-03-21/20:39:42		Loading mask_detector.model...
2022-03-21/20:39:45		Starting video stream...
2022-03-21/20:39:49		Error occured while running the detect_video function!! Error:: 'pop from an empty set'
2022-03-21/20:49:37		Loading required files for execution....
2022-03-21/20:49:37		Loading mask_detector.model...
2022-03-21/20:49:41		Starting video stream...
2022-03-21/20:54:26		Loading required files for execution....
2022-03-21/20:54:26		Loading mask_detector.model...
2022-03-21/20:54:30		Starting video stream...
2022-03-21/21:00:21		Loading required files for execution....
2022-03-21/21:00:21		Loading mask_detector.model...
2022-03-21/21:00:25		Starting video stream...
2022-03-21/21:12:00		Loading required files for execution....
2022-03-21/21:12:00		Loading mask_detector.model...
2022-03-21/21:12:03		Starting video stream...
